This is LuaHBTeX, Version 1.12.0 (TeX Live 2020/Arch Linux)  (format=lualatex 2020.11.8)  10 NOV 2020 18:18
 restricted system commands enabled.
 file:line:error style messages enabled.
**ambition.tex
(./ambition.tex
LaTeX2e <2020-02-02> patch level 5
Lua module: luaotfload-main 2020-05-06 3.14 luaotfload entry point
Lua module: luaotfload-init 2020-05-06 3.14 luaotfload submodule / initializatio
n
Lua module: lualibs 2020-05-01 2.71 ConTeXt Lua standard libraries.
Lua module: lualibs-extended 2020-05-01 2.71 ConTeXt Lua libraries -- extended c
ollection.
Lua module: luaotfload-log 2020-05-06 3.14 luaotfload submodule / logging
Lua module: luaotfload-parsers 2020-05-06 3.14 luaotfload submodule / filelist
Lua module: luaotfload-configuration 2020-05-06 3.14 luaotfload submodule / conf
ig file reader
luaotfload | conf : Root cache directory is "/home/fredericb/.texlive/texmf-var/
luatex-cache/generic-dev/names".
luaotfload | init : Loading fontloader "fontloader-2020-05-06.lua" from kpse-res
olved path "/usr/share/texmf-dist/tex/luatex/luaotfload/fontloader-2020-05-06.lu
a".
Lua-only attribute luaotfload@noligature = 1
Lua-only attribute luaotfload@syllabe = 2
luaotfload | init : Context OpenType loader version 0x1.8e353f7ced917p+1
Lua module: luaotfload-fallback 2020-05-06 3.14 luaotfload submodule / fallback
Lua module: luaotfload-multiscript 2020-05-06 3.14 luaotfload submodule / multis
cript
Lua module: luaotfload-script 2020-05-06 3.14 luaotfload submodule / Script help
ers
Inserting `luaotfload.node_processor' at position 1 in `pre_linebreak_filter'.
Inserting `luaotfload.node_processor' at position 1 in `hpack_filter'.
Lua module: luaotfload-loaders 2020-05-06 3.14 luaotfload submodule / callback h
andling
Inserting `luaotfload.define_font' at position 1 in `define_font'.
Lua module: luaotfload-database 2020-05-06 3.14 luaotfload submodule / database
Lua module: luaotfload-unicode 2020-05-06 3.14 luaotfload submodule / Unicode he
lpers
Lua module: luaotfload-colors 2020-05-06 3.14 luaotfload submodule / color
Lua-only attribute luaotfload_color_attribute = 3
Lua module: luaotfload-resolvers 2020-05-06 3.14 luaotfload submodule / resolver
s
luaotfload | conf : Root cache directory is "/home/fredericb/.texlive/texmf-var/
luatex-cache/generic-dev/names".
Lua module: luaotfload-features 2020-05-06 3.14 luaotfload submodule / features
Lua module: luaotfload-harf-define 2020-05-06 3.14 luaotfload submodule / databa
se
Inserting `luaotfload.harf.strip_prefix' at position 1 in `find_opentype_file'.
Inserting `luaotfload.harf.strip_prefix' at position 1 in `find_truetype_file'.
Lua module: luaotfload-harf-plug 2020-05-06 3.14 luaotfload submodule / database
Inserting `Harf pre_output_filter callback' at position 1 in `pre_output_filter'
.
Inserting `Harf wrapup_run callback' at position 1 in `wrapup_run'.
Inserting `Harf finish_pdffile callback' at position 1 in `finish_pdffile'.
Inserting `Harf glyph_info callback' at position 1 in `glyph_info'.
Lua module: luaotfload-letterspace 2020-05-06 3.14 luaotfload submodule / color
Lua module: luaotfload-embolden 2020-05-06 3.14 luaotfload submodule / color
Lua module: luaotfload-notdef 2020-05-06 3.14 luaotfload submodule / color
Lua module: luaotfload-suppress 2020-05-06 3.14 luaotfload submodule / suppress
Lua module: luaotfload-szss 2020-05-06 3.14 luaotfload submodule / color
Lua module: luaotfload-auxiliary 2020-05-06 3.14 luaotfload submodule / auxiliar
y functions
Inserting `luaotfload.aux.set_sscale_dimens' at position 1 in `luaotfload.patch_
font'.
Inserting `luaotfload.aux.set_font_index' at position 2 in `luaotfload.patch_fon
t'.
Inserting `luaotfload.aux.patch_cambria_domh' at position 3 in `luaotfload.patch
_font'.
Inserting `luaotfload.aux.fixup_fontdata' at position 1 in `luaotfload.patch_fon
t_unsafe'.
Inserting `luaotfload.aux.set_capheight' at position 4 in `luaotfload.patch_font
'.
Inserting `luaotfload.aux.set_xheight' at position 5 in `luaotfload.patch_font'.
Lua module: luaotfload-tounicode 2020-05-06 3.14 luaotfload submodule / tounicod
e
Inserting `luaotfload.rewrite_fontname' at position 6 in `luaotfload.patch_font'
. L3 programming layer <2020-06-03>
(/usr/share/texmf-dist/tex/latex/base/article.cls
Document Class: article 2019/12/20 v1.4l Standard LaTeX document class
(/usr/share/texmf-dist/tex/latex/base/size10.clo
File: size10.clo 2019/12/20 v1.4l Standard LaTeX file (size option)
luaotfload | db : Font names database loaded from /home/fredericb/.texlive/texmf
-var/luatex-cache/generic-dev/names/luaotfload-names.luc)
\c@part=\count163
\c@section=\count164
\c@subsection=\count165
\c@subsubsection=\count166
\c@paragraph=\count167
\c@subparagraph=\count168
\c@figure=\count169
\c@table=\count170
\abovecaptionskip=\skip47
\belowcaptionskip=\skip48
\bibindent=\dimen134
)
(/usr/share/texmf-dist/tex/latex/paracol/paracol.sty
Package: paracol 2018/12/31 v1.35 
\pcol@currcol=\count171
\pcol@nextcol=\count172
\pcol@ncol=\count173
\pcol@ncolleft=\count174
\pcol@page=\count175
\pcol@basepage=\count176
\pcol@toppage=\count177
\pcol@footnotebase=\count178
\pcol@nfootnotes=\count179
\pcol@mcid=\count180
\pcol@prevdepth=\dimen135
\pcol@colht=\dimen136
\pcol@textfloatsep=\dimen137
\pcol@lrmargin=\dimen138
\pagerim=\dimen139
\pcol@topskip=\skip49
\belowfootnoteskip=\skip50
\pcol@topfnotes=\box45
\pcol@prespan=\box46
\pcol@rightpage=\box47
\pcol@colorstack@saved=\box48
\pcol@tempboxa=\box49
\pcol@tempboxb=\box50
\pcol@colorins=\insert199
\pcol@everyvbox=\toks15
)
(/usr/share/texmf-dist/tex/latex/fontspec/fontspec.sty
(/usr/share/texmf-dist/tex/latex/l3packages/xparse/xparse.sty
(/usr/share/texmf-dist/tex/latex/l3kernel/expl3.sty
Package: expl3 2020-06-03 L3 programming layer (loader) 

(/usr/share/texmf-dist/tex/latex/l3backend/l3backend-pdfmode.def
File: l3backend-pdfmode.def 2020-06-03 L3 backend support: PDF mode
\l__kernel_color_stack_int=\count181
\l__pdf_internal_box=\box51
))
Package: xparse 2020-05-15 L3 Experimental document command parser

(/usr/share/texmf-dist/tex/latex/l3packages/xparse/xparse-generic.tex
\l__xparse_current_arg_int=\count182
\g__xparse_grabber_int=\count183
\l__xparse_m_args_int=\count184
\l__xparse_v_nesting_int=\count185
))
Package: fontspec 2020/02/21 v2.7i Font selection for XeLaTeX and LuaLaTeX
Lua module: fontspec 2020/02/21 2.7i Font selection for XeLaTeX and LuaLaTeX
(/usr/share/texmf-dist/tex/latex/fontspec/fontspec-luatex.sty
Package: fontspec-luatex 2020/02/21 v2.7i Font selection for XeLaTeX and LuaLaTe
X
\l__fontspec_script_int=\count186
\l__fontspec_language_int=\count187
\l__fontspec_strnum_int=\count188
\l__fontspec_tmp_int=\count189
\l__fontspec_tmpa_int=\count190
\l__fontspec_tmpb_int=\count191
\l__fontspec_tmpc_int=\count192
\l__fontspec_em_int=\count193
\l__fontspec_emdef_int=\count194
\l__fontspec_strong_int=\count195
\l__fontspec_strongdef_int=\count196
\l__fontspec_tmpa_dim=\dimen140
\l__fontspec_tmpb_dim=\dimen141
\l__fontspec_tmpc_dim=\dimen142

(/usr/share/texmf-dist/tex/latex/base/fontenc.sty
Package: fontenc 2020/02/11 v2.0o Standard LaTeX package
)
(/usr/share/texmf-dist/tex/latex/fontspec/fontspec.cfg)))
(/usr/share/texmf-dist/tex/latex/setspace/setspace.sty
Package: setspace 2011/12/19 v6.7a set line spacing
)
(/usr/share/texmf-dist/tex/latex/csquotes/csquotes.sty
Package: csquotes 2019-12-06 v5.2j context-sensitive quotations (JAW)

(/usr/share/texmf-dist/tex/latex/etoolbox/etoolbox.sty
Package: etoolbox 2019/09/21 v2.5h e-TeX tools for LaTeX (JAW)
\etb@tempcnta=\count197
)
(/usr/share/texmf-dist/tex/latex/graphics/keyval.sty
Package: keyval 2014/10/28 v1.15 key=value parser (DPC)
\KV@toks@=\toks16
)
\csq@reset=\count198
\csq@gtype=\count266
\csq@glevel=\count267
\csq@qlevel=\count268
\csq@maxlvl=\count269
\csq@tshold=\count270
\csq@ltx@everypar=\toks17

(/usr/share/texmf-dist/tex/latex/csquotes/csquotes.def
File: csquotes.def 2019-12-06 v5.2j csquotes generic definitions (JAW)
)
Package csquotes Info: Trying to load configuration file 'csquotes.cfg'...
Package csquotes Info: ... configuration file loaded successfully.

(/usr/share/texmf-dist/tex/latex/csquotes/csquotes.cfg
File: csquotes.cfg 
))
(/usr/share/texmf-dist/tex/latex/titlesec/titlesec.sty
Package: titlesec 2019/10/16 v2.13 Sectioning titles
\ttl@box=\box52
\beforetitleunit=\skip51
\aftertitleunit=\skip52
\ttl@plus=\dimen143
\ttl@minus=\dimen144
\ttl@toksa=\toks18
\titlewidth=\dimen145
\titlewidthlast=\dimen146
\titlewidthfirst=\dimen147
)
(/usr/share/texmf-dist/tex/latex/comment/comment.sty
\CommentStream=\write3

Excluding comment 'comment')
(/usr/share/texmf-dist/tex/latex/geometry/geometry.sty
Package: geometry 2020/01/02 v5.9 Page Geometry

(/usr/share/texmf-dist/tex/generic/iftex/ifvtex.sty
Package: ifvtex 2019/10/25 v1.7 ifvtex legacy package. Use iftex instead.

(/usr/share/texmf-dist/tex/generic/iftex/iftex.sty
Package: iftex 2020/03/06 v1.0d TeX engine tests
))
\Gm@cnth=\count271
\Gm@cntv=\count272
\c@Gm@tempcnt=\count273
\Gm@bindingoffset=\dimen148
\Gm@wd@mp=\dimen149
\Gm@odd@mp=\dimen150
\Gm@even@mp=\dimen151
\Gm@layoutwidth=\dimen152
\Gm@layoutheight=\dimen153
\Gm@layouthoffset=\dimen154
\Gm@layoutvoffset=\dimen155
\Gm@dimlist=\toks19
)
(/usr/share/texmf-dist/tex/latex/dramatist/dramatist.sty
Package: dramatist 2014/12/18 v1.2e Package for typesetting drama -- Author: Mas
similiano Dominici

(/usr/share/texmf-dist/tex/latex/tools/xspace.sty
Package: xspace 2014/10/28 v1.13 Space after command names (DPC,MH)
)
\c@storelineno=\count274
\c@storeprintlineindex=\count275
\c@character=\count276
\c@temp=\count277
\c@gtemp=\count278
\c@act=\count279
\c@scene=\count280
\tbox=\box53
\CharWidth=\skip53
\ParenWidth=\skip54
\CastWidth=\skip55
\beforeactskip=\skip56
\afteractskip=\skip57
\beforesceneskip=\skip58
\aftersceneskip=\skip59
\beforecastskip=\skip60
\aftercasttitleskip=\skip61
\speaksskip=\skip62
\dirwidth=\skip63
\speakswidth=\dimen156
\speaksindent=\dimen157
\speechskip=\dimen158
\Dparsep=\dimen159
\Dlabelsep=\dimen160


Package dramatist Warning: 

********************************************************
* No Configuration file found, using default settings. *
********************************************************
.

)
luaotfload | cache : Lookup cache loaded from /home/fredericb/.texlive/texmf-var
/luatex-cache/generic-dev/names/luaotfload-lookup-cache.luc.

Package fontspec Info: Font family 'ebgaramond(0)' created for font
(fontspec)             'ebgaramond' with options
(fontspec)             [Ligatures=TeX,Ligatures=TeX].
(fontspec)              
(fontspec)              This font family consists of the following NFSS
(fontspec)             series/shapes:
(fontspec)              
(fontspec)             - 'normal' (m/n) with NFSS spec.:
(fontspec)             <->"ebgaramond:mode=node;script=latn;language=dflt;+tlig;
"
(fontspec)             - 'small caps'  (m/sc) with NFSS spec.:
(fontspec)             <->"ebgaramond:mode=node;script=latn;language=dflt;+tlig;
+smcp;"
(fontspec)             - 'bold' (b/n) with NFSS spec.:
(fontspec)             <->"ebgaramond/B:mode=node;script=latn;language=dflt;+tli
g;"
(fontspec)             - 'bold small caps'  (b/sc) with NFSS spec.:
(fontspec)             <->"ebgaramond/B:mode=node;script=latn;language=dflt;+tli
g;+smcp;"
(fontspec)             - 'italic' (m/it) with NFSS spec.:
(fontspec)             <->"ebgaramond/I:mode=node;script=latn;language=dflt;+tli
g;"
(fontspec)             - 'italic small caps'  (m/scit) with NFSS spec.:
(fontspec)             <->"ebgaramond/I:mode=node;script=latn;language=dflt;+tli
g;+smcp;"
(fontspec)             - 'bold italic' (b/it) with NFSS spec.:
(fontspec)             <->"ebgaramond/BI:mode=node;script=latn;language=dflt;+tl
ig;"
(fontspec)             - 'bold italic small caps'  (b/scit) with NFSS spec.:
(fontspec)             <->"ebgaramond/BI:mode=node;script=latn;language=dflt;+tl
ig;+smcp;"

Package csquotes Info: Checking for multilingual support...
Package csquotes Info: ... none found.
 (./ambition.aux)
\openout1 = ambition.aux

LaTeX Font Info:    Checking defaults for OML/cmm/m/it on input line 22.
LaTeX Font Info:    ... okay on input line 22.
LaTeX Font Info:    Checking defaults for OMS/cmsy/m/n on input line 22.
LaTeX Font Info:    ... okay on input line 22.
LaTeX Font Info:    Checking defaults for OT1/cmr/m/n on input line 22.
LaTeX Font Info:    ... okay on input line 22.
LaTeX Font Info:    Checking defaults for T1/cmr/m/n on input line 22.
LaTeX Font Info:    ... okay on input line 22.
LaTeX Font Info:    Checking defaults for TS1/cmr/m/n on input line 22.
LaTeX Font Info:    Trying to load font information for TS1+cmr on input line 22
.
 (/usr/share/texmf-dist/tex/latex/base/ts1cmr.fd
File: ts1cmr.fd 2019/12/16 v2.5j Standard LaTeX font definitions
)
LaTeX Font Info:    ... okay on input line 22.
LaTeX Font Info:    Checking defaults for TU/lmr/m/n on input line 22.
LaTeX Font Info:    ... okay on input line 22.
LaTeX Font Info:    Checking defaults for OMX/cmex/m/n on input line 22.
LaTeX Font Info:    ... okay on input line 22.
LaTeX Font Info:    Checking defaults for U/cmr/m/n on input line 22.
LaTeX Font Info:    ... okay on input line 22.

Package fontspec Info: Adjusting the maths setup (use [no-math] to avoid
(fontspec)             this).

\symlegacymaths=\mathgroup4
LaTeX Font Info:    Overwriting symbol font `legacymaths' in version `bold'
(Font)                  OT1/cmr/m/n --> OT1/cmr/bx/n on input line 22.
LaTeX Font Info:    Redeclaring math accent \acute on input line 22.
LaTeX Font Info:    Redeclaring math accent \grave on input line 22.
LaTeX Font Info:    Redeclaring math accent \ddot on input line 22.
LaTeX Font Info:    Redeclaring math accent \tilde on input line 22.
LaTeX Font Info:    Redeclaring math accent \bar on input line 22.
LaTeX Font Info:    Redeclaring math accent \breve on input line 22.
LaTeX Font Info:    Redeclaring math accent \check on input line 22.
LaTeX Font Info:    Redeclaring math accent \hat on input line 22.
LaTeX Font Info:    Redeclaring math accent \dot on input line 22.
LaTeX Font Info:    Redeclaring math accent \mathring on input line 22.
LaTeX Font Info:    Redeclaring math symbol \colon on input line 22.
LaTeX Font Info:    Redeclaring math symbol \Gamma on input line 22.
LaTeX Font Info:    Redeclaring math symbol \Delta on input line 22.
LaTeX Font Info:    Redeclaring math symbol \Theta on input line 22.
LaTeX Font Info:    Redeclaring math symbol \Lambda on input line 22.
LaTeX Font Info:    Redeclaring math symbol \Xi on input line 22.
LaTeX Font Info:    Redeclaring math symbol \Pi on input line 22.
LaTeX Font Info:    Redeclaring math symbol \Sigma on input line 22.
LaTeX Font Info:    Redeclaring math symbol \Upsilon on input line 22.
LaTeX Font Info:    Redeclaring math symbol \Phi on input line 22.
LaTeX Font Info:    Redeclaring math symbol \Psi on input line 22.
LaTeX Font Info:    Redeclaring math symbol \Omega on input line 22.
LaTeX Font Info:    Redeclaring math symbol \mathdollar on input line 22.
LaTeX Font Info:    Redeclaring symbol font `operators' on input line 22.
LaTeX Font Info:    Encoding `OT1' has changed to `TU' for symbol font
(Font)              `operators' in the math version `normal' on input line 22.
LaTeX Font Info:    Overwriting symbol font `operators' in version `normal'
(Font)                  OT1/cmr/m/n --> TU/ebgaramond(0)/m/n on input line 22.
LaTeX Font Info:    Encoding `OT1' has changed to `TU' for symbol font
(Font)              `operators' in the math version `bold' on input line 22.
LaTeX Font Info:    Overwriting symbol font `operators' in version `bold'
(Font)                  OT1/cmr/bx/n --> TU/ebgaramond(0)/m/n on input line 22.
LaTeX Font Info:    Overwriting symbol font `operators' in version `normal'
(Font)                  TU/ebgaramond(0)/m/n --> TU/ebgaramond(0)/m/n on input l
ine 22.
LaTeX Font Info:    Overwriting math alphabet `\mathit' in version `normal'
(Font)                  OT1/cmr/m/it --> TU/ebgaramond(0)/m/it on input line 22.

LaTeX Font Info:    Overwriting math alphabet `\mathbf' in version `normal'
(Font)                  OT1/cmr/bx/n --> TU/ebgaramond(0)/b/n on input line 22.
LaTeX Font Info:    Overwriting math alphabet `\mathsf' in version `normal'
(Font)                  OT1/cmss/m/n --> TU/lmss/m/n on input line 22.
LaTeX Font Info:    Overwriting math alphabet `\mathtt' in version `normal'
(Font)                  OT1/cmtt/m/n --> TU/lmtt/m/n on input line 22.
LaTeX Font Info:    Overwriting symbol font `operators' in version `bold'
(Font)                  TU/ebgaramond(0)/m/n --> TU/ebgaramond(0)/b/n on input l
ine 22.
LaTeX Font Info:    Overwriting math alphabet `\mathit' in version `bold'
(Font)                  OT1/cmr/bx/it --> TU/ebgaramond(0)/b/it on input line 22
.
LaTeX Font Info:    Overwriting math alphabet `\mathsf' in version `bold'
(Font)                  OT1/cmss/bx/n --> TU/lmss/b/n on input line 22.
LaTeX Font Info:    Overwriting math alphabet `\mathtt' in version `bold'
(Font)                  OT1/cmtt/m/n --> TU/lmtt/b/n on input line 22.

*geometry* driver: auto-detecting
*geometry* detected driver: luatex
*geometry* verbose mode - [ preamble ] result:
* driver: luatex
* paper: a4paper
* layout: <same size as paper>
* layoutoffset:(h,v)=(0.0pt,0.0pt)
* modes: 
* h-part:(L,W,R)=(154.21394pt, 289.07999pt, 154.21394pt)
* v-part:(T,H,B)=(106.75473pt, 578.15999pt, 160.13213pt)
* \paperwidth=597.50787pt
* \paperheight=845.04684pt
* \textwidth=289.07999pt
* \textheight=578.15999pt
* \oddsidemargin=81.94395pt
* \evensidemargin=81.94395pt
* \topmargin=-2.51526pt
* \headheight=12.0pt
* \headsep=25.0pt
* \topskip=10.0pt
* \footskip=30.0pt
* \marginparwidth=65.0pt
* \marginparsep=11.0pt
* \columnsep=10.0pt
* \skip\footins=9.0pt plus 4.0pt minus 2.0pt
* \hoffset=0.0pt
* \voffset=0.0pt
* \mag=1000
* \@twocolumnfalse
* \@twosidefalse
* \@mparswitchfalse
* \@reversemarginfalse
* (1in=72.27pt=25.4mm, 1cm=28.453pt)


Underfull \hbox (badness 10000) in paragraph at lines 37--38

 []


Underfull \hbox (badness 10000) in paragraph at lines 45--46

 []


Underfull \hbox (badness 10000) in paragraph at lines 50--51

 []


Underfull \hbox (badness 10000) in paragraph at lines 53--54

 []


Underfull \hbox (badness 10000) in paragraph at lines 55--56

 []


Underfull \hbox (badness 10000) in paragraph at lines 57--58

 []


Underfull \hbox (badness 10000) in paragraph at lines 59--60

 []

[1

{/var/lib/texmf/fonts/map/pdftex/updmap/pdftex.map}]
Underfull \hbox (badness 10000) in paragraph at lines 64--87

 []

[2

]
Underfull \hbox (badness 10000) in paragraph at lines 102--105

 []


Underfull \hbox (badness 10000) in paragraph at lines 106--107

 []

[3

] [4

] [5

]
Underfull \hbox (badness 10000) in paragraph at lines 125--136

 []


Underfull \hbox (badness 10000) in paragraph at lines 138--144

 []

[6

]
Overfull \hbox (1.60991pt too wide) in paragraph at lines 149--164
\TU/ebgaramond(0)/m/n/10 mu-si-ci-enne tchèque d’une quar-an-taine d’an-n
ée, tou-jours ha-bil-lée de cor-duroy.
 []


Underfull \hbox (badness 10000) in paragraph at lines 149--164

 []


Underfull \hbox (badness 10000) in paragraph at lines 167--174

 []


Underfull \hbox (badness 10000) in paragraph at lines 175--182

 []

[7

]
Underfull \hbox (badness 10000) in paragraph at lines 187--198

 []


Underfull \hbox (badness 10000) in paragraph at lines 222--226

 []


Overfull \hbox (0.60658pt too wide) in paragraph at lines 227--244
\TU/ebgaramond(0)/m/n/10 café depuis qu’Agathe est ar-rivée, même un peu av
ant pour être hon-nête, prob-
 []


Underfull \hbox (badness 10000) in paragraph at lines 227--244

 []

[8

]
LaTeX Font Info:    External font `cmex10' loaded for size
(Font)              <7> on input line 286.
LaTeX Font Info:    External font `cmex10' loaded for size
(Font)              <5> on input line 286.
 [9] [10]
Underfull \hbox (badness 10000) in paragraph at lines 292--305

 []

[11

]
Underfull \hbox (badness 10000) in paragraph at lines 326--339

 []


Overfull \hbox (7.66199pt too wide) in paragraph at lines 340--348
[]\TU/ebgaramond(0)/m/n/10 L’eau remi-gre par la suite vers l’équa-teur o
ù elle se réchauffe et re-monte, l’agence-
 []


Underfull \hbox (badness 10000) in paragraph at lines 340--348

 []


Underfull \hbox (badness 10000) in paragraph at lines 357--363

 []

[12

] Excluding 'comment' comment. [13] [14

]
Underfull \hbox (badness 10000) in paragraph at lines 422--438

 []


Underfull \hbox (badness 10000) in paragraph at lines 439--449

 []


Underfull \hbox (badness 10000) in paragraph at lines 455--466

 []

[15

]
Underfull \hbox (badness 10000) in paragraph at lines 467--468

 []


Overfull \hbox (4.48198pt too wide) in paragraph at lines 473--482
[]\TU/ebgaramond(0)/m/n/10 David est en train d’em-mé-nager avec Gal-lifée 
qui est tou-jours aussi em-pathique
 []


Underfull \hbox (badness 10000) in paragraph at lines 483--484

 []


Underfull \hbox (badness 10000) in paragraph at lines 485--490

 []


Overfull \hbox (2.62662pt too wide) in paragraph at lines 495--525
\TU/ebgaramond(0)/m/n/10 pré-nouveau voy-age qui change tou-jours mais tou-jour
s grand et blond et blanc,
 []


Underfull \hbox (badness 10000) in paragraph at lines 495--525

 []

[16] [17]
LaTeX Font Info:    External font `cmex10' loaded for size
(Font)              <8> on input line 535.
LaTeX Font Info:    External font `cmex10' loaded for size
(Font)              <6> on input line 535.

Underfull \hbox (badness 10000) in paragraph at lines 528--552

 []


Underfull \hbox (badness 10000) in paragraph at lines 553--562

 []


Underfull \hbox (badness 10000) in paragraph at lines 564--572

 []

[18

]
Underfull \hbox (badness 10000) in paragraph at lines 573--585

 []


Underfull \hbox (badness 10000) in paragraph at lines 586--587

 []


Underfull \hbox (badness 10000) in paragraph at lines 588--597

 []


Underfull \hbox (badness 10000) in paragraph at lines 610--626

 []

[19]
Underfull \hbox (badness 10000) in paragraph at lines 628--631

 []


Underfull \hbox (badness 10000) in paragraph at lines 632--640

 []


Underfull \hbox (badness 10000) in paragraph at lines 641--644

 []


Underfull \hbox (badness 10000) in paragraph at lines 645--663

 []

[20]
Underfull \hbox (badness 10000) in paragraph at lines 664--668

 []

[21]
Underfull \hbox (badness 10000) in paragraph at lines 680--691

 []


Underfull \hbox (badness 10000) in paragraph at lines 692--718

 []

[22

]
Underfull \hbox (badness 10000) in paragraph at lines 720--730

 []


Underfull \hbox (badness 10000) in paragraph at lines 731--736

 []


Underfull \hbox (badness 10000) in paragraph at lines 737--745

 []


Underfull \hbox (badness 10000) in paragraph at lines 746--754

 []

[23]
Underfull \hbox (badness 10000) in paragraph at lines 760--763

 []


Overfull \hbox (15.72527pt too wide) in paragraph at lines 764--770
[]\TU/ebgaramond(0)/m/n/10 Le repas est fini et les assi-ettes sont dans l’
évier, on est en mode post-communnion,
 []


Underfull \hbox (badness 10000) in paragraph at lines 764--770

 []


Underfull \hbox (badness 10000) in paragraph at lines 771--785

 []


Underfull \hbox (badness 10000) in paragraph at lines 786--788

 []


Underfull \hbox (badness 10000) in paragraph at lines 789--793

 []

[24]
Overfull \hbox (0.35985pt too wide) in paragraph at lines 801--823
\TU/ebgaramond(0)/m/n/10 --- ex-acte-ment ma com-préhen-sion est in-hab-ituelle
, je ne vois que les ex-trémités
 []


Underfull \hbox (badness 10000) in paragraph at lines 801--823

 []


Underfull \hbox (badness 10000) in paragraph at lines 824--825

 []

[25] [26]
Underfull \hbox (badness 10000) in paragraph at lines 828--837

 []


Underfull \hbox (badness 10000) in paragraph at lines 838--845

 []


Overfull \hbox (3.11534pt too wide) in paragraph at lines 846--856
[]\TU/ebgaramond(0)/m/n/10 An-ar-chiste depuis ses 16 ans, ayant lu d’abord l
’in-tro-duc-tion de Daniel Guérin
 []


Underfull \hbox (badness 10000) in paragraph at lines 846--856

 []


Underfull \hbox (badness 10000) in paragraph at lines 857--865

 []


Underfull \hbox (badness 10000) in paragraph at lines 867--876

 []

[27

]
Underfull \hbox (badness 10000) in paragraph at lines 877--884

 []


Underfull \hbox (badness 10000) in paragraph at lines 885--892

 []


Underfull \hbox (badness 10000) in paragraph at lines 893--907

 []

[28]
Underfull \hbox (badness 10000) in paragraph at lines 910--949

 []

[29]
Underfull \hbox (badness 10000) in paragraph at lines 957--959

 []


Underfull \hbox (badness 10000) in paragraph at lines 960--965

 []

[30]
Underfull \hbox (badness 10000) in paragraph at lines 979--994

 []


Underfull \hbox (badness 10000) in paragraph at lines 1001--1006

 []


Underfull \hbox (badness 10000) in paragraph at lines 1007--1008

 []


Underfull \hbox (badness 10000) in paragraph at lines 1009--1010

 []

[31

]
Underfull \hbox (badness 10000) in paragraph at lines 1025--1030

 []


Underfull \hbox (badness 10000) in paragraph at lines 1031--1037

 []


Underfull \hbox (badness 10000) in paragraph at lines 1038--1047

 []


Underfull \hbox (badness 10000) in paragraph at lines 1048--1062

 []

[32

] [33]
Underfull \hbox (badness 10000) in paragraph at lines 1065--1070

 []


Underfull \hbox (badness 10000) in paragraph at lines 1071--1083

 []


Underfull \hbox (badness 10000) in paragraph at lines 1085--1096

 []

[34

]
Underfull \hbox (badness 10000) in paragraph at lines 1104--1123

 []


Underfull \hbox (badness 10000) in paragraph at lines 1124--1126

 []

[35

]
Underfull \hbox (badness 10000) in paragraph at lines 1143--1144

 []


Underfull \hbox (badness 10000) in paragraph at lines 1145--1150

 []


Underfull \hbox (badness 10000) in paragraph at lines 1151--1166

 []


Underfull \hbox (badness 10000) in paragraph at lines 1167--1174

 []


Underfull \hbox (badness 10000) in paragraph at lines 1175--1181

 []

[36

]
Underfull \hbox (badness 10000) in paragraph at lines 1182--1190

 []


Underfull \hbox (badness 10000) in paragraph at lines 1191--1198

 []

[37]
Underfull \hbox (badness 10000) in paragraph at lines 1207--1208

 []


Underfull \hbox (badness 10000) in paragraph at lines 1209--1210

 []


Underfull \hbox (badness 10000) in paragraph at lines 1211--1214

 []


Underfull \hbox (badness 10000) in paragraph at lines 1215--1216

 []


Underfull \hbox (badness 10000) in paragraph at lines 1217--1218

 []


Underfull \hbox (badness 10000) in paragraph at lines 1219--1220

 []


Underfull \hbox (badness 10000) in paragraph at lines 1221--1222

 []


Underfull \hbox (badness 10000) in paragraph at lines 1223--1226

 []


Underfull \hbox (badness 10000) in paragraph at lines 1227--1230

 []


Underfull \hbox (badness 10000) in paragraph at lines 1231--1232

 []


Underfull \hbox (badness 10000) in paragraph at lines 1233--1234

 []

[38

]
Overfull \hbox (5.16318pt too wide) in paragraph at lines 1239--1246
\TU/ebgaramond(0)/m/n/10 Au début du print-emps, pen-dant que les échanges en-
tre Cé-dric et Jolie restaient
 []


Underfull \hbox (badness 10000) in paragraph at lines 1239--1246

 []


Underfull \hbox (badness 10000) in paragraph at lines 1247--1252

 []


Underfull \hbox (badness 10000) in paragraph at lines 1254--1262

 []


Underfull \hbox (badness 10000) in paragraph at lines 1263--1268

 []


Underfull \hbox (badness 10000) in paragraph at lines 1269--1272

 []


Overfull \hbox (23.47433pt too wide) in paragraph at lines 1273--1280
\TU/ebgaramond(0)/m/n/10 poitrine et fesses am-ples, pe-tit ric-tus. Elle par-la
it rapi-de-ment, par pe-tites bourasques.
 []


Underfull \hbox (badness 10000) in paragraph at lines 1273--1280

 []

[39

]
Underfull \hbox (badness 10000) in paragraph at lines 1281--1284

 []

[40] [41

]
Underfull \hbox (badness 10000) in paragraph at lines 1331--1332

 []


Underfull \hbox (badness 10000) in paragraph at lines 1333--1342

 []


Underfull \hbox (badness 10000) in paragraph at lines 1343--1359

 []


Underfull \hbox (badness 10000) in paragraph at lines 1360--1366

 []


Underfull \hbox (badness 10000) in paragraph at lines 1367--1370

 []

[42

] [43]
Underfull \hbox (badness 10000) in paragraph at lines 1391--1402

 []

[44

]
Underfull \hbox (badness 10000) in paragraph at lines 1403--1419

 []


Underfull \hbox (badness 10000) in paragraph at lines 1403--1419

 []

[45

]
Underfull \hbox (badness 10000) in paragraph at lines 1422--1435

 []


Underfull \hbox (badness 10000) in paragraph at lines 1422--1435

 []


Overfull \hbox (2.13997pt too wide) in paragraph at lines 1436--1457
\TU/ebgaramond(0)/m/n/10 on sait pu trop com-ment ou pourquoi 
 []


Overfull \hbox (5.23659pt too wide) in paragraph at lines 1436--1457
\TU/ebgaramond(0)/m/n/10 -- tra-jec-toire, y s’ bal-lade dans des réflec-
 []


Overfull \hbox (11.72662pt too wide) in paragraph at lines 1436--1457
\TU/ebgaramond(0)/m/n/10 caliss, ça de-scend mais de temps en temps
 []


Underfull \hbox (badness 10000) in paragraph at lines 1436--1457

 []

[46

]
Underfull \hbox (badness 10000) in paragraph at lines 1460--1479

 []

[47

] [48

]
Underfull \hbox (badness 10000) in paragraph at lines 1489--1496

 []


Underfull \hbox (badness 10000) in paragraph at lines 1497--1500

 []


Underfull \hbox (badness 10000) in paragraph at lines 1509--1521

 []

[49

]
Underfull \hbox (badness 10000) in paragraph at lines 1532--1537

 []


Underfull \hbox (badness 10000) in paragraph at lines 1538--1544

 []


Underfull \hbox (badness 10000) in paragraph at lines 1566--1574

 []

[50] [51]
Underfull \hbox (badness 10000) in paragraph at lines 1587--1593

 []


Overfull \hbox (4.86641pt too wide) in paragraph at lines 1594--1598
[]\TU/ebgaramond(0)/m/n/10 Elle parle d’un ton très rapide, ses phrases finis
-sent en écho. Cé-dric, en peignoir
 []


Underfull \hbox (badness 10000) in paragraph at lines 1594--1598

 []

[52

]
Underfull \hbox (badness 10000) in paragraph at lines 1616--1626

 []


Underfull \hbox (badness 10000) in paragraph at lines 1628--1641

 []

[53

]
Overfull \hbox (5.04437pt too wide) in paragraph at lines 1648--1653
\TU/ebgaramond(0)/m/n/10 dernier reste anonyme pour Cé-dric. Elle répond, c
’est une voix à ac-cent Africain
 []

[54

]
Underfull \hbox (badness 10000) in paragraph at lines 1664--1672

 []


Underfull \hbox (badness 10000) in paragraph at lines 1673--1678

 []


Underfull \hbox (badness 10000) in paragraph at lines 1679--1684

 []


Underfull \hbox (badness 10000) in paragraph at lines 1685--1691

 []


Underfull \hbox (badness 10000) in paragraph at lines 1692--1695

 []


Underfull \hbox (badness 10000) in paragraph at lines 1696--1702

 []

[55

] [56] Excluding 'comment' comment. [57

] (./ambition.aux))

Here is how much of LuaTeX's memory you used:
 5763 strings out of 480885
 125171,552014 words of node,token memory allocated
 533 words of node memory still in use:
   3 hlist, 1 vlist, 1 rule, 4 glue, 3 kern, 1 glyph, 6 attribute, 69 glue_spec,
 6 attribute_list, 1 write nodes
   avail lists: 1:2,2:148,3:154,4:22,5:307,6:13,7:4373,8:2,9:87,10:19,11:214
 23301 multiletter control sequences out of 65536+600000
 63 fonts using 15051355 bytes
 44i,8n,81p,817b,302s stack positions out of 5000i,500n,10000p,200000b,100000s
</usr/share/texmf-dist/fonts/opentype/public/ebgaramond/EBGaramond-Regular.otf><
/usr/share/texmf-dist/fonts/opentype/public/ebgaramond/EBGaramond-Italic.otf></u
sr/share/texmf-dist/fonts/opentype/public/ebgaramond/EBGaramond-Bold.otf></usr/s
hare/texmf-dist/fonts/type1/public/amsfonts/cm/cmsy10.pfb>
Output written on ambition.pdf (57 pages, 152439 bytes).

PDF statistics: 208 PDF objects out of 1000 (max. 8388607)
 137 compressed objects within 2 object streams
 0 named destinations out of 1000 (max. 131072)
 1 words of extra memory for PDF output out of 10000 (max. 100000000)

